# JRE version: OpenJDK Runtime Environment (17.0.6) (build 17.0.6+0-b2043.56-10027231)
# Java VM: OpenJDK 64-Bit Server VM (17.0.6+0-b2043.56-10027231, mixed mode, tiered, compressed oops, compressed class ptrs, g1 gc, windows-amd64)
GC Precious Log:
 CPUs: 12 total, 12 available
 Memory: 14188M
 Large Page Support: Disabled
 NUMA Support: Disabled
 Compressed Oops: Enabled (32-bit)
 Heap Region Size: 1M
 Heap Min Capacity: 8M
 Heap Initial Capacity: 222M
 Heap Max Capacity: 2G
 Pre-touch: Disabled
 Parallel Workers: 10
 Concurrent Workers: 3
 Concurrent Refinement Workers: 10
 Periodic GC: Disabled
Heap:
 garbage-first heap   total 273408K, used 136034K [0x0000000080000000, 0x0000000100000000)
  region size 1024K, 9 young (9216K), 9 survivors (9216K)
 Metaspace       used 151409K, committed 152320K, reserved 1187840K
  class space    used 20656K, committed 21120K, reserved 1048576K
GC Heap History (20 events):
Event: 12.261 GC heap after
{Heap after GC invocations=51 (full 0):
 garbage-first heap   total 238592K, used 142735K [0x0000000080000000, 0x0000000100000000)
  region size 1024K, 4 young (4096K), 4 survivors (4096K)
 Metaspace       used 115620K, committed 116352K, reserved 1155072K
  class space    used 15367K, committed 15744K, reserved 1048576K
}
Event: 12.770 GC heap before
{Heap before GC invocations=51 (full 0):
 garbage-first heap   total 238592K, used 197007K [0x0000000080000000, 0x0000000100000000)
  region size 1024K, 56 young (57344K), 4 survivors (4096K)
 Metaspace       used 123109K, committed 123840K, reserved 1163264K
  class space    used 16317K, committed 16640K, reserved 1048576K
}
Event: 12.774 GC heap after
{Heap after GC invocations=52 (full 0):
 garbage-first heap   total 238592K, used 151646K [0x0000000080000000, 0x0000000100000000)
  region size 1024K, 7 young (7168K), 7 survivors (7168K)
 Metaspace       used 123109K, committed 123840K, reserved 1163264K
  class space    used 16317K, committed 16640K, reserved 1048576K
}
Event: 13.232 GC heap before
{Heap before GC invocations=52 (full 0):
 garbage-first heap   total 238592K, used 199774K [0x0000000080000000, 0x0000000100000000)
  region size 1024K, 52 young (53248K), 7 survivors (7168K)
 Metaspace       used 125936K, committed 126656K, reserved 1163264K
  class space    used 16714K, committed 17024K, reserved 1048576K
}
Event: 13.238 GC heap after
{Heap after GC invocations=53 (full 0):
 garbage-first heap   total 238592K, used 156980K [0x0000000080000000, 0x0000000100000000)
  region size 1024K, 7 young (7168K), 7 survivors (7168K)
 Metaspace       used 125936K, committed 126656K, reserved 1163264K
  class space    used 16714K, committed 17024K, reserved 1048576K
}
Event: 13.507 GC heap before
{Heap before GC invocations=53 (full 0):
 garbage-first heap   total 238592K, used 196916K [0x0000000080000000, 0x0000000100000000)
  region size 1024K, 47 young (48128K), 7 survivors (7168K)
 Metaspace       used 130931K, committed 131712K, reserved 1163264K
  class space    used 17469K, committed 17856K, reserved 1048576K
}
Event: 13.513 GC heap after
{Heap after GC invocations=54 (full 0):
 garbage-first heap   total 238592K, used 163934K [0x0000000080000000, 0x0000000100000000)
  region size 1024K, 6 young (6144K), 6 survivors (6144K)
 Metaspace       used 130931K, committed 131712K, reserved 1163264K
  class space    used 17469K, committed 17856K, reserved 1048576K
}
Event: 13.520 GC heap before
{Heap before GC invocations=54 (full 0):
 garbage-first heap   total 238592K, used 165982K [0x0000000080000000, 0x0000000100000000)
  region size 1024K, 9 young (9216K), 6 survivors (6144K)
 Metaspace       used 131038K, committed 131776K, reserved 1171456K
  class space    used 17490K, committed 17856K, reserved 1048576K
}
Event: 13.524 GC heap after
{Heap after GC invocations=55 (full 0):
 garbage-first heap   total 238592K, used 165784K [0x0000000080000000, 0x0000000100000000)
  region size 1024K, 2 young (2048K), 2 survivors (2048K)
 Metaspace       used 131038K, committed 131776K, reserved 1171456K
  class space    used 17490K, committed 17856K, reserved 1048576K
}
Event: 13.744 GC heap before
{Heap before GC invocations=56 (full 0):
 garbage-first heap   total 273408K, used 180120K [0x0000000080000000, 0x0000000100000000)
  region size 1024K, 31 young (31744K), 2 survivors (2048K)
 Metaspace       used 135450K, committed 136256K, reserved 1171456K
  class space    used 18360K, committed 18752K, reserved 1048576K
}
Event: 13.747 GC heap after
{Heap after GC invocations=57 (full 0):
 garbage-first heap   total 273408K, used 153806K [0x0000000080000000, 0x0000000100000000)
  region size 1024K, 4 young (4096K), 4 survivors (4096K)
 Metaspace       used 135450K, committed 136256K, reserved 1171456K
  class space    used 18360K, committed 18752K, reserved 1048576K
}
Event: 13.798 GC heap before
{Heap before GC invocations=57 (full 0):
 garbage-first heap   total 273408K, used 163022K [0x0000000080000000, 0x0000000100000000)
  region size 1024K, 13 young (13312K), 4 survivors (4096K)
 Metaspace       used 137112K, committed 137920K, reserved 1171456K
  class space    used 18659K, committed 19072K, reserved 1048576K
}
Event: 13.802 GC heap after
{Heap after GC invocations=58 (full 0):
 garbage-first heap   total 273408K, used 130004K [0x0000000080000000, 0x0000000100000000)
  region size 1024K, 1 young (1024K), 1 survivors (1024K)
 Metaspace       used 137112K, committed 137920K, reserved 1171456K
  class space    used 18659K, committed 19072K, reserved 1048576K
}
Event: 14.208 GC heap before
{Heap before GC invocations=58 (full 0):
 garbage-first heap   total 273408K, used 202708K [0x0000000080000000, 0x0000000100000000)
  region size 1024K, 72 young (73728K), 1 survivors (1024K)
 Metaspace       used 143235K, committed 144064K, reserved 1179648K
  class space    used 19718K, committed 20096K, reserved 1048576K
}
Event: 14.210 GC heap after
{Heap after GC invocations=59 (full 0):
 garbage-first heap   total 273408K, used 131021K [0x0000000080000000, 0x0000000100000000)
  region size 1024K, 2 young (2048K), 2 survivors (2048K)
 Metaspace       used 143235K, committed 144064K, reserved 1179648K
  class space    used 19718K, committed 20096K, reserved 1048576K
}
Event: 39.810 GC heap before
{Heap before GC invocations=60 (full 0):
 garbage-first heap   total 273408K, used 224205K [0x0000000080000000, 0x0000000100000000)
  region size 1024K, 83 young (84992K), 2 survivors (2048K)
 Metaspace       used 150415K, committed 151232K, reserved 1179648K
  class space    used 20575K, committed 20992K, reserved 1048576K
}
Event: 39.813 GC heap after
{Heap after GC invocations=61 (full 0):
 garbage-first heap   total 273408K, used 131771K [0x0000000080000000, 0x0000000100000000)
  region size 1024K, 5 young (5120K), 5 survivors (5120K)
 Metaspace       used 150415K, committed 151232K, reserved 1179648K
  class space    used 20575K, committed 20992K, reserved 1048576K
}
Event: 39.842 GC heap before
{Heap before GC invocations=61 (full 0):
 garbage-first heap   total 273408K, used 139963K [0x0000000080000000, 0x0000000100000000)
  region size 1024K, 13 young (13312K), 5 survivors (5120K)
 Metaspace       used 150447K, committed 151296K, reserved 1179648K
  class space    used 20576K, committed 20992K, reserved 1048576K
}
Event: 39.845 GC heap after
{Heap after GC invocations=62 (full 0):
 garbage-first heap   total 273408K, used 128645K [0x0000000080000000, 0x0000000100000000)
  region size 1024K, 1 young (1024K), 1 survivors (1024K)
 Metaspace       used 150447K, committed 151296K, reserved 1179648K
  class space    used 20576K, committed 20992K, reserved 1048576K
}
Event: 40.326 GC heap before
{Heap before GC invocations=62 (full 0):
 garbage-first heap   total 273408K, used 203397K [0x0000000080000000, 0x0000000100000000)
  region size 1024K, 75 young (76800K), 1 survivors (1024K)
 Metaspace       used 151409K, committed 152320K, reserved 1187840K
  class space    used 20656K, committed 21120K, reserved 1048576K
}

